[0m[1mdata.terraform_remote_state.devops: Reading...[0m[0m
[0m[1mdata.terraform_remote_state.devops: Read complete after 0s[0m
[0m[1mdata.azurerm_key_vault_secret.github_pat: Reading...[0m[0m
[0m[1mdata.azurerm_client_config.current: Reading...[0m[0m
[0m[1mdata.azurerm_client_config.current: Read complete after 0s [id=Y2xpZW50Q29uZmlncy9jbGllbnRJZD0wNGIwNzc5NS04ZGRiLTQ2MWEtYmJlZS0wMmY5ZTFiZjdiNDY7b2JqZWN0SWQ9NGNhMTk1ZWEtNWE4YS00M2FkLWIxZDMtYWUxMjQ5OTQ0NDhlO3N1YnNjcmlwdGlvbklkPTdmODgxNmIxLTFkNjAtNDY0NS04N2VhLWFkODhkNWFmNWJjYzt0ZW5hbnRJZD1mNWVmM2Q4ZS02NjJhLTQ4N2EtOTJjMy1hMDIwNDRmZGU5NmM=][0m
[0m[1mdata.azurerm_key_vault_secret.github_pat: Read complete after 1s [id=https://kv-adbje351c6d1f695ctb.vault.azure.net/secrets/github-personal-access-token/244bc413302b4d818dea8b0e2fbc0c18][0m
[0m[1mmodule.github.data.github_organization.this: Reading...[0m[0m

Terraform used the selected providers to generate the following execution
plan. Resource actions are indicated with the following symbols:
  [32m+[0m create[0m

Terraform planned the following actions, but then encountered a problem:

[1m  # azurerm_dev_center_project.this[0][0m will be created
[0m  [32m+[0m[0m resource "azurerm_dev_center_project" "this" {
      [32m+[0m[0m description                = "Dev Center Project for myfirstlzproject"
      [32m+[0m[0m dev_center_id              = (known after apply)
      [32m+[0m[0m dev_center_uri             = (known after apply)
      [32m+[0m[0m id                         = (known after apply)
      [32m+[0m[0m location                   = "japaneast"
      [32m+[0m[0m maximum_dev_boxes_per_user = 2
      [32m+[0m[0m name                       = (known after apply)
      [32m+[0m[0m resource_group_name        = (known after apply)
      [32m+[0m[0m tags                       = {
          [32m+[0m[0m "appTag"     = "myfirstlzproject"
          [32m+[0m[0m "envTag"     = "dev"
          [32m+[0m[0m "projectTag" = "devops"
          [32m+[0m[0m "purposeTag" = "alz"
        }
    }

[1m  # azurerm_federated_identity_credential.this["dev-apply"][0m will be created
[0m  [32m+[0m[0m resource "azurerm_federated_identity_credential" "this" {
      [32m+[0m[0m audience            = [
          [32m+[0m[0m "api://AzureADTokenExchange",
        ]
      [32m+[0m[0m id                  = (known after apply)
      [32m+[0m[0m issuer              = "https://token.actions.githubusercontent.com"
      [32m+[0m[0m name                = (known after apply)
      [32m+[0m[0m parent_id           = (known after apply)
      [32m+[0m[0m resource_group_name = (known after apply)
      [32m+[0m[0m subject             = "repo:microsoft/myfirstlzproject:environment:env-myfirstlzproject-dev-apply"
    }

[1m  # azurerm_federated_identity_credential.this["dev-plan"][0m will be created
[0m  [32m+[0m[0m resource "azurerm_federated_identity_credential" "this" {
      [32m+[0m[0m audience            = [
          [32m+[0m[0m "api://AzureADTokenExchange",
        ]
      [32m+[0m[0m id                  = (known after apply)
      [32m+[0m[0m issuer              = "https://token.actions.githubusercontent.com"
      [32m+[0m[0m name                = (known after apply)
      [32m+[0m[0m parent_id           = (known after apply)
      [32m+[0m[0m resource_group_name = (known after apply)
      [32m+[0m[0m subject             = "repo:microsoft/myfirstlzproject:environment:env-myfirstlzproject-dev-plan"
    }

[1m  # azurerm_federated_identity_credential.this["features-plan"][0m will be created
[0m  [32m+[0m[0m resource "azurerm_federated_identity_credential" "this" {
      [32m+[0m[0m audience            = [
          [32m+[0m[0m "api://AzureADTokenExchange",
        ]
      [32m+[0m[0m id                  = (known after apply)
      [32m+[0m[0m issuer              = "https://token.actions.githubusercontent.com"
      [32m+[0m[0m name                = (known after apply)
      [32m+[0m[0m parent_id           = (known after apply)
      [32m+[0m[0m resource_group_name = (known after apply)
      [32m+[0m[0m subject             = "repo:microsoft/myfirstlzproject:environment:env-myfirstlzproject-features-plan"
    }

[1m  # azurerm_federated_identity_credential.this["main-apply"][0m will be created
[0m  [32m+[0m[0m resource "azurerm_federated_identity_credential" "this" {
      [32m+[0m[0m audience            = [
          [32m+[0m[0m "api://AzureADTokenExchange",
        ]
      [32m+[0m[0m id                  = (known after apply)
      [32m+[0m[0m issuer              = "https://token.actions.githubusercontent.com"
      [32m+[0m[0m name                = (known after apply)
      [32m+[0m[0m parent_id           = (known after apply)
      [32m+[0m[0m resource_group_name = (known after apply)
      [32m+[0m[0m subject             = "repo:microsoft/myfirstlzproject:environment:env-myfirstlzproject-main-apply"
    }

[1m  # azurerm_federated_identity_credential.this["main-plan"][0m will be created
[0m  [32m+[0m[0m resource "azurerm_federated_identity_credential" "this" {
      [32m+[0m[0m audience            = [
          [32m+[0m[0m "api://AzureADTokenExchange",
        ]
      [32m+[0m[0m id                  = (known after apply)
      [32m+[0m[0m issuer              = "https://token.actions.githubusercontent.com"
      [32m+[0m[0m name                = (known after apply)
      [32m+[0m[0m parent_id           = (known after apply)
      [32m+[0m[0m resource_group_name = (known after apply)
      [32m+[0m[0m subject             = "repo:microsoft/myfirstlzproject:environment:env-myfirstlzproject-main-plan"
    }

[1m  # azurerm_federated_identity_credential.this["staging-apply"][0m will be created
[0m  [32m+[0m[0m resource "azurerm_federated_identity_credential" "this" {
      [32m+[0m[0m audience            = [
          [32m+[0m[0m "api://AzureADTokenExchange",
        ]
      [32m+[0m[0m id                  = (known after apply)
      [32m+[0m[0m issuer              = "https://token.actions.githubusercontent.com"
      [32m+[0m[0m name                = (known after apply)
      [32m+[0m[0m parent_id           = (known after apply)
      [32m+[0m[0m resource_group_name = (known after apply)
      [32m+[0m[0m subject             = "repo:microsoft/myfirstlzproject:environment:env-myfirstlzproject-staging-apply"
    }

[1m  # azurerm_federated_identity_credential.this["staging-plan"][0m will be created
[0m  [32m+[0m[0m resource "azurerm_federated_identity_credential" "this" {
      [32m+[0m[0m audience            = [
          [32m+[0m[0m "api://AzureADTokenExchange",
        ]
      [32m+[0m[0m id                  = (known after apply)
      [32m+[0m[0m issuer              = "https://token.actions.githubusercontent.com"
      [32m+[0m[0m name                = (known after apply)
      [32m+[0m[0m parent_id           = (known after apply)
      [32m+[0m[0m resource_group_name = (known after apply)
      [32m+[0m[0m subject             = "repo:microsoft/myfirstlzproject:environment:env-myfirstlzproject-staging-plan"
    }

[1m  # azurerm_role_assignment.custom_ra_writer["dev-apply"][0m will be created
[0m  [32m+[0m[0m resource "azurerm_role_assignment" "custom_ra_writer" {
      [32m+[0m[0m condition_version                = (known after apply)
      [32m+[0m[0m id                               = (known after apply)
      [32m+[0m[0m name                             = (known after apply)
      [32m+[0m[0m principal_id                     = (known after apply)
      [32m+[0m[0m principal_type                   = (known after apply)
      [32m+[0m[0m role_definition_id               = (known after apply)
      [32m+[0m[0m role_definition_name             = "[Custom] Role Assignments Writer development"
      [32m+[0m[0m scope                            = "/subscriptions/3052a1ef-5039-4081-9c47-04f8e8984f00"
      [32m+[0m[0m skip_service_principal_aad_check = (known after apply)
    }

[1m  # azurerm_role_assignment.custom_ra_writer["main-apply"][0m will be created
[0m  [32m+[0m[0m resource "azurerm_role_assignment" "custom_ra_writer" {
      [32m+[0m[0m condition_version                = (known after apply)
      [32m+[0m[0m id                               = (known after apply)
      [32m+[0m[0m name                             = (known after apply)
      [32m+[0m[0m principal_id                     = (known after apply)
      [32m+[0m[0m principal_type                   = (known after apply)
      [32m+[0m[0m role_definition_id               = (known after apply)
      [32m+[0m[0m role_definition_name             = "[Custom] Role Assignments Writer production"
      [32m+[0m[0m scope                            = "/subscriptions/446a42d7-0dc3-47cf-b26a-d9d9f02046d1"
      [32m+[0m[0m skip_service_principal_aad_check = (known after apply)
    }

[1m  # azurerm_role_assignment.custom_ra_writer["staging-apply"][0m will be created
[0m  [32m+[0m[0m resource "azurerm_role_assignment" "custom_ra_writer" {
      [32m+[0m[0m condition_version                = (known after apply)
      [32m+[0m[0m id                               = (known after apply)
      [32m+[0m[0m name                             = (known after apply)
      [32m+[0m[0m principal_id                     = (known after apply)
      [32m+[0m[0m principal_type                   = (known after apply)
      [32m+[0m[0m role_definition_id               = (known after apply)
      [32m+[0m[0m role_definition_name             = "[Custom] Role Assignments Writer staging"
      [32m+[0m[0m scope                            = "/subscriptions/ad058a33-cbab-4ceb-935e-72aaaa5d5b91"
      [32m+[0m[0m skip_service_principal_aad_check = (known after apply)
    }

[1m  # azurerm_role_assignment.delegator["dev-apply"][0m will be created
[0m  [32m+[0m[0m resource "azurerm_role_assignment" "delegator" {
      [32m+[0m[0m condition_version                = (known after apply)
      [32m+[0m[0m id                               = (known after apply)
      [32m+[0m[0m name                             = (known after apply)
      [32m+[0m[0m principal_id                     = (known after apply)
      [32m+[0m[0m principal_type                   = (known after apply)
      [32m+[0m[0m role_definition_id               = (known after apply)
      [32m+[0m[0m role_definition_name             = "Storage Blob Delegator"
      [32m+[0m[0m scope                            = "/subscriptions/7f8816b1-1d60-4645-87ea-ad88d5af5bcc/resourceGroups/rg-alz-devops-bootstrap-jpe-5ctb/providers/Microsoft.Storage/storageAccounts/stadbje351c6d1f6955ctb"
      [32m+[0m[0m skip_service_principal_aad_check = (known after apply)
    }

[1m  # azurerm_role_assignment.delegator["dev-plan"][0m will be created
[0m  [32m+[0m[0m resource "azurerm_role_assignment" "delegator" {
      [32m+[0m[0m condition_version                = (known after apply)
      [32m+[0m[0m id                               = (known after apply)
      [32m+[0m[0m name                             = (known after apply)
      [32m+[0m[0m principal_id                     = (known after apply)
      [32m+[0m[0m principal_type                   = (known after apply)
      [32m+[0m[0m role_definition_id               = (known after apply)
      [32m+[0m[0m role_definition_name             = "Storage Blob Delegator"
      [32m+[0m[0m scope                            = "/subscriptions/7f8816b1-1d60-4645-87ea-ad88d5af5bcc/resourceGroups/rg-alz-devops-bootstrap-jpe-5ctb/providers/Microsoft.Storage/storageAccounts/stadbje351c6d1f6955ctb"
      [32m+[0m[0m skip_service_principal_aad_check = (known after apply)
    }

[1m  # azurerm_role_assignment.delegator["features-plan"][0m will be created
[0m  [32m+[0m[0m resource "azurerm_role_assignment" "delegator" {
      [32m+[0m[0m condition_version                = (known after apply)
      [32m+[0m[0m id                               = (known after apply)
      [32m+[0m[0m name                             = (known after apply)
      [32m+[0m[0m principal_id                     = (known after apply)
      [32m+[0m[0m principal_type                   = (known after apply)
      [32m+[0m[0m role_definition_id               = (known after apply)
      [32m+[0m[0m role_definition_name             = "Storage Blob Delegator"
      [32m+[0m[0m scope                            = "/subscriptions/7f8816b1-1d60-4645-87ea-ad88d5af5bcc/resourceGroups/rg-alz-devops-bootstrap-jpe-5ctb/providers/Microsoft.Storage/storageAccounts/stadbje351c6d1f6955ctb"
      [32m+[0m[0m skip_service_principal_aad_check = (known after apply)
    }

[1m  # azurerm_role_assignment.delegator["main-apply"][0m will be created
[0m  [32m+[0m[0m resource "azurerm_role_assignment" "delegator" {
      [32m+[0m[0m condition_version                = (known after apply)
      [32m+[0m[0m id                               = (known after apply)
      [32m+[0m[0m name                             = (known after apply)
      [32m+[0m[0m principal_id                     = (known after apply)
      [32m+[0m[0m principal_type                   = (known after apply)
      [32m+[0m[0m role_definition_id               = (known after apply)
      [32m+[0m[0m role_definition_name             = "Storage Blob Delegator"
      [32m+[0m[0m scope                            = "/subscriptions/7f8816b1-1d60-4645-87ea-ad88d5af5bcc/resourceGroups/rg-alz-devops-bootstrap-jpe-5ctb/providers/Microsoft.Storage/storageAccounts/stadbje351c6d1f6955ctb"
      [32m+[0m[0m skip_service_principal_aad_check = (known after apply)
    }

[1m  # azurerm_role_assignment.delegator["main-plan"][0m will be created
[0m  [32m+[0m[0m resource "azurerm_role_assignment" "delegator" {
      [32m+[0m[0m condition_version                = (known after apply)
      [32m+[0m[0m id                               = (known after apply)
      [32m+[0m[0m name                             = (known after apply)
      [32m+[0m[0m principal_id                     = (known after apply)
      [32m+[0m[0m principal_type                   = (known after apply)
      [32m+[0m[0m role_definition_id               = (known after apply)
      [32m+[0m[0m role_definition_name             = "Storage Blob Delegator"
      [32m+[0m[0m scope                            = "/subscriptions/7f8816b1-1d60-4645-87ea-ad88d5af5bcc/resourceGroups/rg-alz-devops-bootstrap-jpe-5ctb/providers/Microsoft.Storage/storageAccounts/stadbje351c6d1f6955ctb"
      [32m+[0m[0m skip_service_principal_aad_check = (known after apply)
    }

[1m  # azurerm_role_assignment.delegator["staging-apply"][0m will be created
[0m  [32m+[0m[0m resource "azurerm_role_assignment" "delegator" {
      [32m+[0m[0m condition_version                = (known after apply)
      [32m+[0m[0m id                               = (known after apply)
      [32m+[0m[0m name                             = (known after apply)
      [32m+[0m[0m principal_id                     = (known after apply)
      [32m+[0m[0m principal_type                   = (known after apply)
      [32m+[0m[0m role_definition_id               = (known after apply)
      [32m+[0m[0m role_definition_name             = "Storage Blob Delegator"
      [32m+[0m[0m scope                            = "/subscriptions/7f8816b1-1d60-4645-87ea-ad88d5af5bcc/resourceGroups/rg-alz-devops-bootstrap-jpe-5ctb/providers/Microsoft.Storage/storageAccounts/stadbje351c6d1f6955ctb"
      [32m+[0m[0m skip_service_principal_aad_check = (known after apply)
    }

[1m  # azurerm_role_assignment.delegator["staging-plan"][0m will be created
[0m  [32m+[0m[0m resource "azurerm_role_assignment" "delegator" {
      [32m+[0m[0m condition_version                = (known after apply)
      [32m+[0m[0m id                               = (known after apply)
      [32m+[0m[0m name                             = (known after apply)
      [32m+[0m[0m principal_id                     = (known after apply)
      [32m+[0m[0m principal_type                   = (known after apply)
      [32m+[0m[0m role_definition_id               = (known after apply)
      [32m+[0m[0m role_definition_name             = "Storage Blob Delegator"
      [32m+[0m[0m scope                            = "/subscriptions/7f8816b1-1d60-4645-87ea-ad88d5af5bcc/resourceGroups/rg-alz-devops-bootstrap-jpe-5ctb/providers/Microsoft.Storage/storageAccounts/stadbje351c6d1f6955ctb"
      [32m+[0m[0m skip_service_principal_aad_check = (known after apply)
    }

[1m  # azurerm_role_assignment.dev_center_project_admin[0][0m will be created
[0m  [32m+[0m[0m resource "azurerm_role_assignment" "dev_center_project_admin" {
      [32m+[0m[0m condition_version                = (known after apply)
      [32m+[0m[0m id                               = (known after apply)
      [32m+[0m[0m name                             = (known after apply)
      [32m+[0m[0m principal_id                     = "4ca195ea-5a8a-43ad-b1d3-ae124994448e"
      [32m+[0m[0m principal_type                   = (known after apply)
      [32m+[0m[0m role_definition_id               = (known after apply)
      [32m+[0m[0m role_definition_name             = "DevCenter Project Admin"
      [32m+[0m[0m scope                            = (known after apply)
      [32m+[0m[0m skip_service_principal_aad_check = (known after apply)
    }

[1m  # azurerm_role_assignment.dev_center_project_user[0][0m will be created
[0m  [32m+[0m[0m resource "azurerm_role_assignment" "dev_center_project_user" {
      [32m+[0m[0m condition_version                = (known after apply)
      [32m+[0m[0m id                               = (known after apply)
      [32m+[0m[0m name                             = (known after apply)
      [32m+[0m[0m principal_id                     = "4ca195ea-5a8a-43ad-b1d3-ae124994448e"
      [32m+[0m[0m principal_type                   = (known after apply)
      [32m+[0m[0m role_definition_id               = (known after apply)
      [32m+[0m[0m role_definition_name             = "DevCenter Dev Box User"
      [32m+[0m[0m scope                            = (known after apply)
      [32m+[0m[0m skip_service_principal_aad_check = (known after apply)
    }

[1m  # azurerm_role_assignment.sub_contributor["dev-apply"][0m will be created
[0m  [32m+[0m[0m resource "azurerm_role_assignment" "sub_contributor" {
      [32m+[0m[0m condition_version                = (known after apply)
      [32m+[0m[0m id                               = (known after apply)
      [32m+[0m[0m name                             = (known after apply)
      [32m+[0m[0m principal_id                     = (known after apply)
      [32m+[0m[0m principal_type                   = (known after apply)
      [32m+[0m[0m role_definition_id               = (known after apply)
      [32m+[0m[0m role_definition_name             = "Contributor"
      [32m+[0m[0m scope                            = "/subscriptions/3052a1ef-5039-4081-9c47-04f8e8984f00"
      [32m+[0m[0m skip_service_principal_aad_check = (known after apply)
    }

[1m  # azurerm_role_assignment.sub_contributor["main-apply"][0m will be created
[0m  [32m+[0m[0m resource "azurerm_role_assignment" "sub_contributor" {
      [32m+[0m[0m condition_version                = (known after apply)
      [32m+[0m[0m id                               = (known after apply)
      [32m+[0m[0m name                             = (known after apply)
      [32m+[0m[0m principal_id                     = (known after apply)
      [32m+[0m[0m principal_type                   = (known after apply)
      [32m+[0m[0m role_definition_id               = (known after apply)
      [32m+[0m[0m role_definition_name             = "Contributor"
      [32m+[0m[0m scope                            = "/subscriptions/446a42d7-0dc3-47cf-b26a-d9d9f02046d1"
      [32m+[0m[0m skip_service_principal_aad_check = (known after apply)
    }

[1m  # azurerm_role_assignment.sub_contributor["staging-apply"][0m will be created
[0m  [32m+[0m[0m resource "azurerm_role_assignment" "sub_contributor" {
      [32m+[0m[0m condition_version                = (known after apply)
      [32m+[0m[0m id                               = (known after apply)
      [32m+[0m[0m name                             = (known after apply)
      [32m+[0m[0m principal_id                     = (known after apply)
      [32m+[0m[0m principal_type                   = (known after apply)
      [32m+[0m[0m role_definition_id               = (known after apply)
      [32m+[0m[0m role_definition_name             = "Contributor"
      [32m+[0m[0m scope                            = "/subscriptions/ad058a33-cbab-4ceb-935e-72aaaa5d5b91"
      [32m+[0m[0m skip_service_principal_aad_check = (known after apply)
    }

[1m  # azurerm_role_assignment.sub_reader["dev-plan"][0m will be created
[0m  [32m+[0m[0m resource "azurerm_role_assignment" "sub_reader" {
      [32m+[0m[0m condition_version                = (known after apply)
      [32m+[0m[0m id                               = (known after apply)
      [32m+[0m[0m name                             = (known after apply)
      [32m+[0m[0m principal_id                     = (known after apply)
      [32m+[0m[0m principal_type                   = (known after apply)
      [32m+[0m[0m role_definition_id               = (known after apply)
      [32m+[0m[0m role_definition_name             = "Reader"
      [32m+[0m[0m scope                            = "/subscriptions/3052a1ef-5039-4081-9c47-04f8e8984f00"
      [32m+[0m[0m skip_service_principal_aad_check = (known after apply)
    }

[1m  # azurerm_role_assignment.sub_reader["features-plan"][0m will be created
[0m  [32m+[0m[0m resource "azurerm_role_assignment" "sub_reader" {
      [32m+[0m[0m condition_version                = (known after apply)
      [32m+[0m[0m id                               = (known after apply)
      [32m+[0m[0m name                             = (known after apply)
      [32m+[0m[0m principal_id                     = (known after apply)
      [32m+[0m[0m principal_type                   = (known after apply)
      [32m+[0m[0m role_definition_id               = (known after apply)
      [32m+[0m[0m role_definition_name             = "Reader"
      [32m+[0m[0m scope                            = "/subscriptions/0a17edf4-ceac-41b4-bd45-e5b807058c74"
      [32m+[0m[0m skip_service_principal_aad_check = (known after apply)
    }

[1m  # azurerm_role_assignment.sub_reader["main-plan"][0m will be created
[0m  [32m+[0m[0m resource "azurerm_role_assignment" "sub_reader" {
      [32m+[0m[0m condition_version                = (known after apply)
      [32m+[0m[0m id                               = (known after apply)
      [32m+[0m[0m name                             = (known after apply)
      [32m+[0m[0m principal_id                     = (known after apply)
      [32m+[0m[0m principal_type                   = (known after apply)
      [32m+[0m[0m role_definition_id               = (known after apply)
      [32m+[0m[0m role_definition_name             = "Reader"
      [32m+[0m[0m scope                            = "/subscriptions/446a42d7-0dc3-47cf-b26a-d9d9f02046d1"
      [32m+[0m[0m skip_service_principal_aad_check = (known after apply)
    }

[1m  # azurerm_role_assignment.sub_reader["staging-plan"][0m will be created
[0m  [32m+[0m[0m resource "azurerm_role_assignment" "sub_reader" {
      [32m+[0m[0m condition_version                = (known after apply)
      [32m+[0m[0m id                               = (known after apply)
      [32m+[0m[0m name                             = (known after apply)
      [32m+[0m[0m principal_id                     = (known after apply)
      [32m+[0m[0m principal_type                   = (known after apply)
      [32m+[0m[0m role_definition_id               = (known after apply)
      [32m+[0m[0m role_definition_name             = "Reader"
      [32m+[0m[0m scope                            = "/subscriptions/ad058a33-cbab-4ceb-935e-72aaaa5d5b91"
      [32m+[0m[0m skip_service_principal_aad_check = (known after apply)
    }

[1m  # azurerm_role_assignment.this["log-dev-apply"][0m will be created
[0m  [32m+[0m[0m resource "azurerm_role_assignment" "this" {
      [32m+[0m[0m condition_version                = (known after apply)
      [32m+[0m[0m id                               = (known after apply)
      [32m+[0m[0m name                             = (known after apply)
      [32m+[0m[0m principal_id                     = (known after apply)
      [32m+[0m[0m principal_type                   = (known after apply)
      [32m+[0m[0m role_definition_id               = (known after apply)
      [32m+[0m[0m role_definition_name             = "Storage Blob Data Contributor"
      [32m+[0m[0m scope                            = (known after apply)
      [32m+[0m[0m skip_service_principal_aad_check = (known after apply)
    }

[1m  # azurerm_role_assignment.this["log-dev-plan"][0m will be created
[0m  [32m+[0m[0m resource "azurerm_role_assignment" "this" {
      [32m+[0m[0m condition_version                = (known after apply)
      [32m+[0m[0m id                               = (known after apply)
      [32m+[0m[0m name                             = (known after apply)
      [32m+[0m[0m principal_id                     = (known after apply)
      [32m+[0m[0m principal_type                   = (known after apply)
      [32m+[0m[0m role_definition_id               = (known after apply)
      [32m+[0m[0m role_definition_name             = "Storage Blob Data Contributor"
      [32m+[0m[0m scope                            = (known after apply)
      [32m+[0m[0m skip_service_principal_aad_check = (known after apply)
    }

[1m  # azurerm_role_assignment.this["log-features-plan"][0m will be created
[0m  [32m+[0m[0m resource "azurerm_role_assignment" "this" {
      [32m+[0m[0m condition_version                = (known after apply)
      [32m+[0m[0m id                               = (known after apply)
      [32m+[0m[0m name                             = (known after apply)
      [32m+[0m[0m principal_id                     = (known after apply)
      [32m+[0m[0m principal_type                   = (known after apply)
      [32m+[0m[0m role_definition_id               = (known after apply)
      [32m+[0m[0m role_definition_name             = "Storage Blob Data Contributor"
      [32m+[0m[0m scope                            = (known after apply)
      [32m+[0m[0m skip_service_principal_aad_check = (known after apply)
    }

[1m  # azurerm_role_assignment.this["log-main-apply"][0m will be created
[0m  [32m+[0m[0m resource "azurerm_role_assignment" "this" {
      [32m+[0m[0m condition_version                = (known after apply)
      [32m+[0m[0m id                               = (known after apply)
      [32m+[0m[0m name                             = (known after apply)
      [32m+[0m[0m principal_id                     = (known after apply)
      [32m+[0m[0m principal_type                   = (known after apply)
      [32m+[0m[0m role_definition_id               = (known after apply)
      [32m+[0m[0m role_definition_name             = "Storage Blob Data Contributor"
      [32m+[0m[0m scope                            = (known after apply)
      [32m+[0m[0m skip_service_principal_aad_check = (known after apply)
    }

[1m  # azurerm_role_assignment.this["log-main-plan"][0m will be created
[0m  [32m+[0m[0m resource "azurerm_role_assignment" "this" {
      [32m+[0m[0m condition_version                = (known after apply)
      [32m+[0m[0m id                               = (known after apply)
      [32m+[0m[0m name                             = (known after apply)
      [32m+[0m[0m principal_id                     = (known after apply)
      [32m+[0m[0m principal_type                   = (known after apply)
      [32m+[0m[0m role_definition_id               = (known after apply)
      [32m+[0m[0m role_definition_name             = "Storage Blob Data Contributor"
      [32m+[0m[0m scope                            = (known after apply)
      [32m+[0m[0m skip_service_principal_aad_check = (known after apply)
    }

[1m  # azurerm_role_assignment.this["log-staging-apply"][0m will be created
[0m  [32m+[0m[0m resource "azurerm_role_assignment" "this" {
      [32m+[0m[0m condition_version                = (known after apply)
      [32m+[0m[0m id                               = (known after apply)
      [32m+[0m[0m name                             = (known after apply)
      [32m+[0m[0m principal_id                     = (known after apply)
      [32m+[0m[0m principal_type                   = (known after apply)
      [32m+[0m[0m role_definition_id               = (known after apply)
      [32m+[0m[0m role_definition_name             = "Storage Blob Data Contributor"
      [32m+[0m[0m scope                            = (known after apply)
      [32m+[0m[0m skip_service_principal_aad_check = (known after apply)
    }

[1m  # azurerm_role_assignment.this["log-staging-plan"][0m will be created
[0m  [32m+[0m[0m resource "azurerm_role_assignment" "this" {
      [32m+[0m[0m condition_version                = (known after apply)
      [32m+[0m[0m id                               = (known after apply)
      [32m+[0m[0m name                             = (known after apply)
      [32m+[0m[0m principal_id                     = (known after apply)
      [32m+[0m[0m principal_type                   = (known after apply)
      [32m+[0m[0m role_definition_id               = (known after apply)
      [32m+[0m[0m role_definition_name             = "Storage Blob Data Contributor"
      [32m+[0m[0m scope                            = (known after apply)
      [32m+[0m[0m skip_service_principal_aad_check = (known after apply)
    }

[1m  # azurerm_role_assignment.this["tfstate-dev-apply"][0m will be created
[0m  [32m+[0m[0m resource "azurerm_role_assignment" "this" {
      [32m+[0m[0m condition_version                = (known after apply)
      [32m+[0m[0m id                               = (known after apply)
      [32m+[0m[0m name                             = (known after apply)
      [32m+[0m[0m principal_id                     = (known after apply)
      [32m+[0m[0m principal_type                   = (known after apply)
      [32m+[0m[0m role_definition_id               = (known after apply)
      [32m+[0m[0m role_definition_name             = "Storage Blob Data Contributor"
      [32m+[0m[0m scope                            = (known after apply)
      [32m+[0m[0m skip_service_principal_aad_check = (known after apply)
    }

[1m  # azurerm_role_assignment.this["tfstate-dev-plan"][0m will be created
[0m  [32m+[0m[0m resource "azurerm_role_assignment" "this" {
      [32m+[0m[0m condition_version                = (known after apply)
      [32m+[0m[0m id                               = (known after apply)
      [32m+[0m[0m name                             = (known after apply)
      [32m+[0m[0m principal_id                     = (known after apply)
      [32m+[0m[0m principal_type                   = (known after apply)
      [32m+[0m[0m role_definition_id               = (known after apply)
      [32m+[0m[0m role_definition_name             = "Storage Blob Data Contributor"
      [32m+[0m[0m scope                            = (known after apply)
      [32m+[0m[0m skip_service_principal_aad_check = (known after apply)
    }

[1m  # azurerm_role_assignment.this["tfstate-features-plan"][0m will be created
[0m  [32m+[0m[0m resource "azurerm_role_assignment" "this" {
      [32m+[0m[0m condition_version                = (known after apply)
      [32m+[0m[0m id                               = (known after apply)
      [32m+[0m[0m name                             = (known after apply)
      [32m+[0m[0m principal_id                     = (known after apply)
      [32m+[0m[0m principal_type                   = (known after apply)
      [32m+[0m[0m role_definition_id               = (known after apply)
      [32m+[0m[0m role_definition_name             = "Storage Blob Data Contributor"
      [32m+[0m[0m scope                            = (known after apply)
      [32m+[0m[0m skip_service_principal_aad_check = (known after apply)
    }

[1m  # azurerm_role_assignment.this["tfstate-main-apply"][0m will be created
[0m  [32m+[0m[0m resource "azurerm_role_assignment" "this" {
      [32m+[0m[0m condition_version                = (known after apply)
      [32m+[0m[0m id                               = (known after apply)
      [32m+[0m[0m name                             = (known after apply)
      [32m+[0m[0m principal_id                     = (known after apply)
      [32m+[0m[0m principal_type                   = (known after apply)
      [32m+[0m[0m role_definition_id               = (known after apply)
      [32m+[0m[0m role_definition_name             = "Storage Blob Data Contributor"
      [32m+[0m[0m scope                            = (known after apply)
      [32m+[0m[0m skip_service_principal_aad_check = (known after apply)
    }

[1m  # azurerm_role_assignment.this["tfstate-main-plan"][0m will be created
[0m  [32m+[0m[0m resource "azurerm_role_assignment" "this" {
      [32m+[0m[0m condition_version                = (known after apply)
      [32m+[0m[0m id                               = (known after apply)
      [32m+[0m[0m name                             = (known after apply)
      [32m+[0m[0m principal_id                     = (known after apply)
      [32m+[0m[0m principal_type                   = (known after apply)
      [32m+[0m[0m role_definition_id               = (known after apply)
      [32m+[0m[0m role_definition_name             = "Storage Blob Data Contributor"
      [32m+[0m[0m scope                            = (known after apply)
      [32m+[0m[0m skip_service_principal_aad_check = (known after apply)
    }

[1m  # azurerm_role_assignment.this["tfstate-staging-apply"][0m will be created
[0m  [32m+[0m[0m resource "azurerm_role_assignment" "this" {
      [32m+[0m[0m condition_version                = (known after apply)
      [32m+[0m[0m id                               = (known after apply)
      [32m+[0m[0m name                             = (known after apply)
      [32m+[0m[0m principal_id                     = (known after apply)
      [32m+[0m[0m principal_type                   = (known after apply)
      [32m+[0m[0m role_definition_id               = (known after apply)
      [32m+[0m[0m role_definition_name             = "Storage Blob Data Contributor"
      [32m+[0m[0m scope                            = (known after apply)
      [32m+[0m[0m skip_service_principal_aad_check = (known after apply)
    }

[1m  # azurerm_role_assignment.this["tfstate-staging-plan"][0m will be created
[0m  [32m+[0m[0m resource "azurerm_role_assignment" "this" {
      [32m+[0m[0m condition_version                = (known after apply)
      [32m+[0m[0m id                               = (known after apply)
      [32m+[0m[0m name                             = (known after apply)
      [32m+[0m[0m principal_id                     = (known after apply)
      [32m+[0m[0m principal_type                   = (known after apply)
      [32m+[0m[0m role_definition_id               = (known after apply)
      [32m+[0m[0m role_definition_name             = "Storage Blob Data Contributor"
      [32m+[0m[0m scope                            = (known after apply)
      [32m+[0m[0m skip_service_principal_aad_check = (known after apply)
    }

[1m  # azurerm_role_definition.custom_ra_writer["development"][0m will be created
[0m  [32m+[0m[0m resource "azurerm_role_definition" "custom_ra_writer" {
      [32m+[0m[0m assignable_scopes           = [
          [32m+[0m[0m "/subscriptions/3052a1ef-5039-4081-9c47-04f8e8984f00",
        ]
      [32m+[0m[0m description                 = "Manage RoleAssignments read/write under this subscription"
      [32m+[0m[0m id                          = (known after apply)
      [32m+[0m[0m name                        = "[Custom] Role Assignments Writer development"
      [32m+[0m[0m role_definition_id          = (known after apply)
      [32m+[0m[0m role_definition_resource_id = (known after apply)
      [32m+[0m[0m scope                       = "/subscriptions/3052a1ef-5039-4081-9c47-04f8e8984f00"

      [32m+[0m[0m permissions {
          [32m+[0m[0m actions     = [
              [32m+[0m[0m "Microsoft.Authorization/roleAssignments/write",
            ]
          [32m+[0m[0m not_actions = []
        }
    }

[1m  # azurerm_role_definition.custom_ra_writer["features"][0m will be created
[0m  [32m+[0m[0m resource "azurerm_role_definition" "custom_ra_writer" {
      [32m+[0m[0m assignable_scopes           = [
          [32m+[0m[0m "/subscriptions/0a17edf4-ceac-41b4-bd45-e5b807058c74",
        ]
      [32m+[0m[0m description                 = "Manage RoleAssignments read/write under this subscription"
      [32m+[0m[0m id                          = (known after apply)
      [32m+[0m[0m name                        = "[Custom] Role Assignments Writer features"
      [32m+[0m[0m role_definition_id          = (known after apply)
      [32m+[0m[0m role_definition_resource_id = (known after apply)
      [32m+[0m[0m scope                       = "/subscriptions/0a17edf4-ceac-41b4-bd45-e5b807058c74"

      [32m+[0m[0m permissions {
          [32m+[0m[0m actions     = [
              [32m+[0m[0m "Microsoft.Authorization/roleAssignments/write",
            ]
          [32m+[0m[0m not_actions = []
        }
    }

[1m  # azurerm_role_definition.custom_ra_writer["production"][0m will be created
[0m  [32m+[0m[0m resource "azurerm_role_definition" "custom_ra_writer" {
      [32m+[0m[0m assignable_scopes           = [
          [32m+[0m[0m "/subscriptions/446a42d7-0dc3-47cf-b26a-d9d9f02046d1",
        ]
      [32m+[0m[0m description                 = "Manage RoleAssignments read/write under this subscription"
      [32m+[0m[0m id                          = (known after apply)
      [32m+[0m[0m name                        = "[Custom] Role Assignments Writer production"
      [32m+[0m[0m role_definition_id          = (known after apply)
      [32m+[0m[0m role_definition_resource_id = (known after apply)
      [32m+[0m[0m scope                       = "/subscriptions/446a42d7-0dc3-47cf-b26a-d9d9f02046d1"

      [32m+[0m[0m permissions {
          [32m+[0m[0m actions     = [
              [32m+[0m[0m "Microsoft.Authorization/roleAssignments/write",
            ]
          [32m+[0m[0m not_actions = []
        }
    }

[1m  # azurerm_role_definition.custom_ra_writer["staging"][0m will be created
[0m  [32m+[0m[0m resource "azurerm_role_definition" "custom_ra_writer" {
      [32m+[0m[0m assignable_scopes           = [
          [32m+[0m[0m "/subscriptions/ad058a33-cbab-4ceb-935e-72aaaa5d5b91",
        ]
      [32m+[0m[0m description                 = "Manage RoleAssignments read/write under this subscription"
      [32m+[0m[0m id                          = (known after apply)
      [32m+[0m[0m name                        = "[Custom] Role Assignments Writer staging"
      [32m+[0m[0m role_definition_id          = (known after apply)
      [32m+[0m[0m role_definition_resource_id = (known after apply)
      [32m+[0m[0m scope                       = "/subscriptions/ad058a33-cbab-4ceb-935e-72aaaa5d5b91"

      [32m+[0m[0m permissions {
          [32m+[0m[0m actions     = [
              [32m+[0m[0m "Microsoft.Authorization/roleAssignments/write",
            ]
          [32m+[0m[0m not_actions = []
        }
    }

[1m  # azurerm_storage_container.this["log"][0m will be created
[0m  [32m+[0m[0m resource "azurerm_storage_container" "this" {
      [32m+[0m[0m container_access_type             = "private"
      [32m+[0m[0m default_encryption_scope          = (known after apply)
      [32m+[0m[0m encryption_scope_override_enabled = true
      [32m+[0m[0m has_immutability_policy           = (known after apply)
      [32m+[0m[0m has_legal_hold                    = (known after apply)
      [32m+[0m[0m id                                = (known after apply)
      [32m+[0m[0m metadata                          = (known after apply)
      [32m+[0m[0m name                              = "myfirstlzproject-log"
      [32m+[0m[0m resource_manager_id               = (known after apply)
      [32m+[0m[0m storage_account_id                = "/subscriptions/7f8816b1-1d60-4645-87ea-ad88d5af5bcc/resourceGroups/rg-alz-devops-bootstrap-jpe-5ctb/providers/Microsoft.Storage/storageAccounts/stadbje351c6d1f6955ctb"
    }

[1m  # azurerm_storage_container.this["tfstate"][0m will be created
[0m  [32m+[0m[0m resource "azurerm_storage_container" "this" {
      [32m+[0m[0m container_access_type             = "private"
      [32m+[0m[0m default_encryption_scope          = (known after apply)
      [32m+[0m[0m encryption_scope_override_enabled = true
      [32m+[0m[0m has_immutability_policy           = (known after apply)
      [32m+[0m[0m has_legal_hold                    = (known after apply)
      [32m+[0m[0m id                                = (known after apply)
      [32m+[0m[0m metadata                          = (known after apply)
      [32m+[0m[0m name                              = "myfirstlzproject-tfstate"
      [32m+[0m[0m resource_manager_id               = (known after apply)
      [32m+[0m[0m storage_account_id                = "/subscriptions/7f8816b1-1d60-4645-87ea-ad88d5af5bcc/resourceGroups/rg-alz-devops-bootstrap-jpe-5ctb/providers/Microsoft.Storage/storageAccounts/stadbje351c6d1f6955ctb"
    }

[1m  # azurerm_user_assigned_identity.this["dev-apply"][0m will be created
[0m  [32m+[0m[0m resource "azurerm_user_assigned_identity" "this" {
      [32m+[0m[0m client_id           = (known after apply)
      [32m+[0m[0m id                  = (known after apply)
      [32m+[0m[0m location            = "japaneast"
      [32m+[0m[0m name                = (known after apply)
      [32m+[0m[0m principal_id        = (known after apply)
      [32m+[0m[0m resource_group_name = (known after apply)
      [32m+[0m[0m tags                = {
          [32m+[0m[0m "appTag"     = "myfirstlzproject"
          [32m+[0m[0m "envTag"     = "dev"
          [32m+[0m[0m "projectTag" = "devops"
          [32m+[0m[0m "purposeTag" = "alz"
        }
      [32m+[0m[0m tenant_id           = (known after apply)
    }

[1m  # azurerm_user_assigned_identity.this["dev-plan"][0m will be created
[0m  [32m+[0m[0m resource "azurerm_user_assigned_identity" "this" {
      [32m+[0m[0m client_id           = (known after apply)
      [32m+[0m[0m id                  = (known after apply)
      [32m+[0m[0m location            = "japaneast"
      [32m+[0m[0m name                = (known after apply)
      [32m+[0m[0m principal_id        = (known after apply)
      [32m+[0m[0m resource_group_name = (known after apply)
      [32m+[0m[0m tags                = {
          [32m+[0m[0m "appTag"     = "myfirstlzproject"
          [32m+[0m[0m "envTag"     = "dev"
          [32m+[0m[0m "projectTag" = "devops"
          [32m+[0m[0m "purposeTag" = "alz"
        }
      [32m+[0m[0m tenant_id           = (known after apply)
    }

[1m  # azurerm_user_assigned_identity.this["features-plan"][0m will be created
[0m  [32m+[0m[0m resource "azurerm_user_assigned_identity" "this" {
      [32m+[0m[0m client_id           = (known after apply)
      [32m+[0m[0m id                  = (known after apply)
      [32m+[0m[0m location            = "japaneast"
      [32m+[0m[0m name                = (known after apply)
      [32m+[0m[0m principal_id        = (known after apply)
      [32m+[0m[0m resource_group_name = (known after apply)
      [32m+[0m[0m tags                = {
          [32m+[0m[0m "appTag"     = "myfirstlzproject"
          [32m+[0m[0m "envTag"     = "dev"
          [32m+[0m[0m "projectTag" = "devops"
          [32m+[0m[0m "purposeTag" = "alz"
        }
      [32m+[0m[0m tenant_id           = (known after apply)
    }

[1m  # azurerm_user_assigned_identity.this["main-apply"][0m will be created
[0m  [32m+[0m[0m resource "azurerm_user_assigned_identity" "this" {
      [32m+[0m[0m client_id           = (known after apply)
      [32m+[0m[0m id                  = (known after apply)
      [32m+[0m[0m location            = "japaneast"
      [32m+[0m[0m name                = (known after apply)
      [32m+[0m[0m principal_id        = (known after apply)
      [32m+[0m[0m resource_group_name = (known after apply)
      [32m+[0m[0m tags                = {
          [32m+[0m[0m "appTag"     = "myfirstlzproject"
          [32m+[0m[0m "envTag"     = "dev"
          [32m+[0m[0m "projectTag" = "devops"
          [32m+[0m[0m "purposeTag" = "alz"
        }
      [32m+[0m[0m tenant_id           = (known after apply)
    }

[1m  # azurerm_user_assigned_identity.this["main-plan"][0m will be created
[0m  [32m+[0m[0m resource "azurerm_user_assigned_identity" "this" {
      [32m+[0m[0m client_id           = (known after apply)
      [32m+[0m[0m id                  = (known after apply)
      [32m+[0m[0m location            = "japaneast"
      [32m+[0m[0m name                = (known after apply)
      [32m+[0m[0m principal_id        = (known after apply)
      [32m+[0m[0m resource_group_name = (known after apply)
      [32m+[0m[0m tags                = {
          [32m+[0m[0m "appTag"     = "myfirstlzproject"
          [32m+[0m[0m "envTag"     = "dev"
          [32m+[0m[0m "projectTag" = "devops"
          [32m+[0m[0m "purposeTag" = "alz"
        }
      [32m+[0m[0m tenant_id           = (known after apply)
    }

[1m  # azurerm_user_assigned_identity.this["staging-apply"][0m will be created
[0m  [32m+[0m[0m resource "azurerm_user_assigned_identity" "this" {
      [32m+[0m[0m client_id           = (known after apply)
      [32m+[0m[0m id                  = (known after apply)
      [32m+[0m[0m location            = "japaneast"
      [32m+[0m[0m name                = (known after apply)
      [32m+[0m[0m principal_id        = (known after apply)
      [32m+[0m[0m resource_group_name = (known after apply)
      [32m+[0m[0m tags                = {
          [32m+[0m[0m "appTag"     = "myfirstlzproject"
          [32m+[0m[0m "envTag"     = "dev"
          [32m+[0m[0m "projectTag" = "devops"
          [32m+[0m[0m "purposeTag" = "alz"
        }
      [32m+[0m[0m tenant_id           = (known after apply)
    }

[1m  # azurerm_user_assigned_identity.this["staging-plan"][0m will be created
[0m  [32m+[0m[0m resource "azurerm_user_assigned_identity" "this" {
      [32m+[0m[0m client_id           = (known after apply)
      [32m+[0m[0m id                  = (known after apply)
      [32m+[0m[0m location            = "japaneast"
      [32m+[0m[0m name                = (known after apply)
      [32m+[0m[0m principal_id        = (known after apply)
      [32m+[0m[0m resource_group_name = (known after apply)
      [32m+[0m[0m tags                = {
          [32m+[0m[0m "appTag"     = "myfirstlzproject"
          [32m+[0m[0m "envTag"     = "dev"
          [32m+[0m[0m "projectTag" = "devops"
          [32m+[0m[0m "purposeTag" = "alz"
        }
      [32m+[0m[0m tenant_id           = (known after apply)
    }

[1m  # random_string.random[0m will be created
[0m  [32m+[0m[0m resource "random_string" "random" {
      [32m+[0m[0m id          = (known after apply)
      [32m+[0m[0m length      = 4
      [32m+[0m[0m lower       = true
      [32m+[0m[0m min_lower   = 0
      [32m+[0m[0m min_numeric = 0
      [32m+[0m[0m min_special = 0
      [32m+[0m[0m min_upper   = 0
      [32m+[0m[0m number      = true
      [32m+[0m[0m numeric     = true
      [32m+[0m[0m result      = (known after apply)
      [32m+[0m[0m special     = false
      [32m+[0m[0m upper       = false
    }

[1m  # time_sleep.wait_for_role_propagation[0m will be created
[0m  [32m+[0m[0m resource "time_sleep" "wait_for_role_propagation" {
      [32m+[0m[0m create_duration = "60s"
      [32m+[0m[0m id              = (known after apply)
    }

[1m  # module.github.github_team.this["myfirstlzproject-contributors"][0m will be created
[0m  [32m+[0m[0m resource "github_team" "this" {
      [32m+[0m[0m create_default_maintainer = false
      [32m+[0m[0m description               = "Contributors to the project repository"
      [32m+[0m[0m etag                      = (known after apply)
      [32m+[0m[0m id                        = (known after apply)
      [32m+[0m[0m members_count             = (known after apply)
      [32m+[0m[0m name                      = "myfirstlzproject-contributors"
      [32m+[0m[0m node_id                   = (known after apply)
      [32m+[0m[0m parent_team_read_id       = (known after apply)
      [32m+[0m[0m parent_team_read_slug     = (known after apply)
      [32m+[0m[0m privacy                   = "closed"
      [32m+[0m[0m slug                      = (known after apply)
    }

[1m  # module.github.github_team.this["myfirstlzproject-main-deployment-approvers"][0m will be created
[0m  [32m+[0m[0m resource "github_team" "this" {
      [32m+[0m[0m create_default_maintainer = false
      [32m+[0m[0m description               = "Approvers for main branch depolyments"
      [32m+[0m[0m etag                      = (known after apply)
      [32m+[0m[0m id                        = (known after apply)
      [32m+[0m[0m members_count             = (known after apply)
      [32m+[0m[0m name                      = "myfirstlzproject-main-deployment-approvers"
      [32m+[0m[0m node_id                   = (known after apply)
      [32m+[0m[0m parent_team_read_id       = (known after apply)
      [32m+[0m[0m parent_team_read_slug     = (known after apply)
      [32m+[0m[0m privacy                   = "closed"
      [32m+[0m[0m slug                      = (known after apply)
    }

[1m  # module.github.github_team.this["myfirstlzproject-main-pullrequest-approvers"][0m will be created
[0m  [32m+[0m[0m resource "github_team" "this" {
      [32m+[0m[0m create_default_maintainer = false
      [32m+[0m[0m description               = "Approvers for staging main pull requests"
      [32m+[0m[0m etag                      = (known after apply)
      [32m+[0m[0m id                        = (known after apply)
      [32m+[0m[0m members_count             = (known after apply)
      [32m+[0m[0m name                      = "myfirstlzproject-main-pullrequest-approvers"
      [32m+[0m[0m node_id                   = (known after apply)
      [32m+[0m[0m parent_team_read_id       = (known after apply)
      [32m+[0m[0m parent_team_read_slug     = (known after apply)
      [32m+[0m[0m privacy                   = "closed"
      [32m+[0m[0m slug                      = (known after apply)
    }

[1m  # module.github.github_team.this["myfirstlzproject-staging-deployment-approvers"][0m will be created
[0m  [32m+[0m[0m resource "github_team" "this" {
      [32m+[0m[0m create_default_maintainer = false
      [32m+[0m[0m description               = "Approvers for staging branch depolyments"
      [32m+[0m[0m etag                      = (known after apply)
      [32m+[0m[0m id                        = (known after apply)
      [32m+[0m[0m members_count             = (known after apply)
      [32m+[0m[0m name                      = "myfirstlzproject-staging-deployment-approvers"
      [32m+[0m[0m node_id                   = (known after apply)
      [32m+[0m[0m parent_team_read_id       = (known after apply)
      [32m+[0m[0m parent_team_read_slug     = (known after apply)
      [32m+[0m[0m privacy                   = "closed"
      [32m+[0m[0m slug                      = (known after apply)
    }

[1m  # module.github.github_team.this["myfirstlzproject-staging-pullrequest-approvers"][0m will be created
[0m  [32m+[0m[0m resource "github_team" "this" {
      [32m+[0m[0m create_default_maintainer = false
      [32m+[0m[0m description               = "Approvers for staging staging pull requests"
      [32m+[0m[0m etag                      = (known after apply)
      [32m+[0m[0m id                        = (known after apply)
      [32m+[0m[0m members_count             = (known after apply)
      [32m+[0m[0m name                      = "myfirstlzproject-staging-pullrequest-approvers"
      [32m+[0m[0m node_id                   = (known after apply)
      [32m+[0m[0m parent_team_read_id       = (known after apply)
      [32m+[0m[0m parent_team_read_slug     = (known after apply)
      [32m+[0m[0m privacy                   = "closed"
      [32m+[0m[0m slug                      = (known after apply)
    }

[1m  # module.github_runner_aca[0].azurerm_container_app_job.event["0"][0m will be created
[0m  [32m+[0m[0m resource "azurerm_container_app_job" "event" {
      [32m+[0m[0m container_app_environment_id = (known after apply)
      [32m+[0m[0m event_stream_endpoint        = (known after apply)
      [32m+[0m[0m id                           = (known after apply)
      [32m+[0m[0m location                     = "japaneast"
      [32m+[0m[0m name                         = (known after apply)
      [32m+[0m[0m outbound_ip_addresses        = (known after apply)
      [32m+[0m[0m replica_retry_limit          = 3
      [32m+[0m[0m replica_timeout_in_seconds   = 3600
      [32m+[0m[0m resource_group_name          = (known after apply)
      [32m+[0m[0m tags                         = {
          [32m+[0m[0m "appTag"     = "myfirstlzproject"
          [32m+[0m[0m "envTag"     = "dev"
          [32m+[0m[0m "projectTag" = "devops"
          [32m+[0m[0m "purposeTag" = "alz"
        }
      [32m+[0m[0m workload_profile_name        = (known after apply)

      [32m+[0m[0m event_trigger_config {
          [32m+[0m[0m parallelism              = 1
          [32m+[0m[0m replica_completion_count = 1

          [32m+[0m[0m scale {
              [32m+[0m[0m max_executions              = 10
              [32m+[0m[0m min_executions              = 0
              [32m+[0m[0m polling_interval_in_seconds = 10

              [32m+[0m[0m rules {
                  [32m+[0m[0m custom_rule_type = (known after apply)
                  [32m+[0m[0m metadata         = (known after apply)
                  [32m+[0m[0m name             = (known after apply)

                  [32m+[0m[0m authentication (known after apply)
                }
            }
        }

      [32m+[0m[0m identity {
          [32m+[0m[0m identity_ids = (known after apply)
          [32m+[0m[0m principal_id = (known after apply)
          [32m+[0m[0m tenant_id    = (known after apply)
          [32m+[0m[0m type         = "UserAssigned"
        }

      [32m+[0m[0m registry {
          [32m+[0m[0m identity = (known after apply)
          [32m+[0m[0m server   = (known after apply)
        }

      [32m+[0m[0m secret (known after apply)

      [32m+[0m[0m template {
          [32m+[0m[0m container {
              [32m+[0m[0m cpu               = (known after apply)
              [32m+[0m[0m ephemeral_storage = (known after apply)
              [32m+[0m[0m image             = (known after apply)
              [32m+[0m[0m memory            = (known after apply)
              [32m+[0m[0m name              = (known after apply)

              [32m+[0m[0m env (known after apply)
            }
        }
    }

[1m  # module.naming.random_string.first_letter[0m will be created
[0m  [32m+[0m[0m resource "random_string" "first_letter" {
      [32m+[0m[0m id          = (known after apply)
      [32m+[0m[0m length      = 1
      [32m+[0m[0m lower       = true
      [32m+[0m[0m min_lower   = 0
      [32m+[0m[0m min_numeric = 0
      [32m+[0m[0m min_special = 0
      [32m+[0m[0m min_upper   = 0
      [32m+[0m[0m number      = false
      [32m+[0m[0m numeric     = false
      [32m+[0m[0m result      = (known after apply)
      [32m+[0m[0m special     = false
      [32m+[0m[0m upper       = false
    }

[1m  # module.naming.random_string.main[0m will be created
[0m  [32m+[0m[0m resource "random_string" "main" {
      [32m+[0m[0m id          = (known after apply)
      [32m+[0m[0m length      = 60
      [32m+[0m[0m lower       = true
      [32m+[0m[0m min_lower   = 0
      [32m+[0m[0m min_numeric = 0
      [32m+[0m[0m min_special = 0
      [32m+[0m[0m min_upper   = 0
      [32m+[0m[0m number      = true
      [32m+[0m[0m numeric     = true
      [32m+[0m[0m result      = (known after apply)
      [32m+[0m[0m special     = false
      [32m+[0m[0m upper       = false
    }

[1mPlan:[0m 64 to add, 0 to change, 0 to destroy.
[0m
Changes to Outputs:
  [32m+[0m[0m github_environments              = {
      [32m+[0m[0m dev-apply     = {
          [32m+[0m[0m branch_policy_branch_patterns = [
              [32m+[0m[0m "dev",
            ]
          [32m+[0m[0m branch_policy_tag_patterns    = []
          [32m+[0m[0m can_admins_bypass             = true
          [32m+[0m[0m custom_branch_policies        = true
          [32m+[0m[0m environment                   = "development"
          [32m+[0m[0m job                           = "apply"
          [32m+[0m[0m name                          = "env-myfirstlzproject-dev-apply"
          [32m+[0m[0m prevent_self_review           = false
          [32m+[0m[0m protected_branches            = false
          [32m+[0m[0m reviewers                     = []
          [32m+[0m[0m wait_timer                    = 0
        }
      [32m+[0m[0m dev-plan      = {
          [32m+[0m[0m branch_policy_branch_patterns = [
              [32m+[0m[0m "features/*",
              [32m+[0m[0m "dev",
            ]
          [32m+[0m[0m branch_policy_tag_patterns    = []
          [32m+[0m[0m can_admins_bypass             = true
          [32m+[0m[0m custom_branch_policies        = true
          [32m+[0m[0m environment                   = "development"
          [32m+[0m[0m job                           = "plan"
          [32m+[0m[0m name                          = "env-myfirstlzproject-dev-plan"
          [32m+[0m[0m prevent_self_review           = false
          [32m+[0m[0m protected_branches            = false
          [32m+[0m[0m reviewers                     = []
          [32m+[0m[0m wait_timer                    = 0
        }
      [32m+[0m[0m features-plan = {
          [32m+[0m[0m branch_policy_branch_patterns = [
              [32m+[0m[0m "features/*",
            ]
          [32m+[0m[0m branch_policy_tag_patterns    = []
          [32m+[0m[0m can_admins_bypass             = true
          [32m+[0m[0m custom_branch_policies        = true
          [32m+[0m[0m environment                   = "features"
          [32m+[0m[0m job                           = "plan"
          [32m+[0m[0m name                          = "env-myfirstlzproject-features-plan"
          [32m+[0m[0m prevent_self_review           = false
          [32m+[0m[0m protected_branches            = false
          [32m+[0m[0m reviewers                     = []
          [32m+[0m[0m wait_timer                    = 0
        }
      [32m+[0m[0m main-apply    = {
          [32m+[0m[0m branch_policy_branch_patterns = [
              [32m+[0m[0m "main",
            ]
          [32m+[0m[0m branch_policy_tag_patterns    = []
          [32m+[0m[0m can_admins_bypass             = true
          [32m+[0m[0m custom_branch_policies        = true
          [32m+[0m[0m environment                   = "production"
          [32m+[0m[0m job                           = "apply"
          [32m+[0m[0m name                          = "env-myfirstlzproject-main-apply"
          [32m+[0m[0m prevent_self_review           = false
          [32m+[0m[0m protected_branches            = false
          [32m+[0m[0m reviewers                     = [
              [32m+[0m[0m "myfirstlzproject-main-deployment-approvers",
            ]
          [32m+[0m[0m wait_timer                    = 1
        }
      [32m+[0m[0m main-plan     = {
          [32m+[0m[0m branch_policy_branch_patterns = [
              [32m+[0m[0m "staging",
              [32m+[0m[0m "main",
            ]
          [32m+[0m[0m branch_policy_tag_patterns    = []
          [32m+[0m[0m can_admins_bypass             = true
          [32m+[0m[0m custom_branch_policies        = true
          [32m+[0m[0m environment                   = "production"
          [32m+[0m[0m job                           = "plan"
          [32m+[0m[0m name                          = "env-myfirstlzproject-main-plan"
          [32m+[0m[0m prevent_self_review           = false
          [32m+[0m[0m protected_branches            = false
          [32m+[0m[0m reviewers                     = []
          [32m+[0m[0m wait_timer                    = 0
        }
      [32m+[0m[0m staging-apply = {
          [32m+[0m[0m branch_policy_branch_patterns = [
              [32m+[0m[0m "staging",
            ]
          [32m+[0m[0m branch_policy_tag_patterns    = []
          [32m+[0m[0m can_admins_bypass             = true
          [32m+[0m[0m custom_branch_policies        = true
          [32m+[0m[0m environment                   = "staging"
          [32m+[0m[0m job                           = "apply"
          [32m+[0m[0m name                          = "env-myfirstlzproject-staging-apply"
          [32m+[0m[0m prevent_self_review           = false
          [32m+[0m[0m protected_branches            = false
          [32m+[0m[0m reviewers                     = [
              [32m+[0m[0m "myfirstlzproject-staging-deployment-approvers",
            ]
          [32m+[0m[0m wait_timer                    = 0
        }
      [32m+[0m[0m staging-plan  = {
          [32m+[0m[0m branch_policy_branch_patterns = [
              [32m+[0m[0m "dev",
              [32m+[0m[0m "staging",
            ]
          [32m+[0m[0m branch_policy_tag_patterns    = []
          [32m+[0m[0m can_admins_bypass             = true
          [32m+[0m[0m custom_branch_policies        = true
          [32m+[0m[0m environment                   = "staging"
          [32m+[0m[0m job                           = "plan"
          [32m+[0m[0m name                          = "env-myfirstlzproject-staging-plan"
          [32m+[0m[0m prevent_self_review           = false
          [32m+[0m[0m protected_branches            = false
          [32m+[0m[0m reviewers                     = []
          [32m+[0m[0m wait_timer                    = 0
        }
    }
  [32m+[0m[0m github_runner_aci_container_spec = (known after apply)
  [32m+[0m[0m options                          = {
      [32m+[0m[0m azuredevops             = {
          [32m+[0m[0m organization_name     = ""
          [32m+[0m[0m personal_access_token = "azuredevops-personal-access-token"
        }
      [32m+[0m[0m devbox_enabled          = true
      [32m+[0m[0m enable_azuredevops      = false
      [32m+[0m[0m enable_github           = true
      [32m+[0m[0m github                  = {
          [32m+[0m[0m enterprise_name       = ""
          [32m+[0m[0m organization_name     = "microsoft"
          [32m+[0m[0m personal_access_token = "github-personal-access-token"
        }
      [32m+[0m[0m private_network_enabled = true
      [32m+[0m[0m self_hosted_enabled     = true
    }
  [32m+[0m[0m runners                          = [
      [32m+[0m[0m {
          [32m+[0m[0m event_job_name                 = (known after apply)
          [32m+[0m[0m event_parallelism              = 1
          [32m+[0m[0m event_replica_completion_count = 1
          [32m+[0m[0m event_scale                    = {
              [32m+[0m[0m max_executions   = 10
              [32m+[0m[0m min_executions   = 0
              [32m+[0m[0m polling_interval = 10
              [32m+[0m[0m rules            = [
                  [32m+[0m[0m (known after apply),
                ]
            }
          [32m+[0m[0m registry                       = [
              [32m+[0m[0m {
                  [32m+[0m[0m identity = (known after apply)
                  [32m+[0m[0m server   = (known after apply)
                },
            ]
          [32m+[0m[0m replica_retry_limit            = 3
          [32m+[0m[0m replica_timeout                = 3600
          [32m+[0m[0m secret                         = (known after apply)
          [32m+[0m[0m template                       = {
              [32m+[0m[0m container = [
                  [32m+[0m[0m (known after apply),
                ]
            }
          [32m+[0m[0m workload_profile_name          = (known after apply)
        },
    ]
